<?xml version="1.0" encoding="UTF-8"?>
<testng-results skipped="0" failed="0" total="1" passed="1">
  <reporter-output>
  </reporter-output>
  <suite name="All Test Suite" duration-ms="4497" started-at="2022-04-29T13:38:11Z" finished-at="2022-04-29T13:38:15Z">
    <groups>
    </groups>
    <test name="testone" duration-ms="4497" started-at="2022-04-29T13:38:11Z" finished-at="2022-04-29T13:38:15Z">
      <class name="com.toolsqa.Testlocal">
        <test-method status="PASS" signature="beforeClass()[pri:0, instance:com.toolsqa.Testlocal@6108b2d7]" name="beforeClass" is-config="true" duration-ms="2881" started-at="2022-04-29T14:38:11Z" finished-at="2022-04-29T14:38:14Z">
          <reporter-output>
          </reporter-output>
        </test-method> <!-- beforeClass -->
        <test-method status="PASS" signature="postjirs()[pri:0, instance:com.toolsqa.Testlocal@6108b2d7]" name="postjirs" duration-ms="1466" started-at="2022-04-29T14:38:14Z" finished-at="2022-04-29T14:38:15Z">
          <reporter-output>
          </reporter-output>
        </test-method> <!-- postjirs -->
        <test-method status="PASS" signature="quitbrowser()[pri:0, instance:com.toolsqa.Testlocal@6108b2d7]" name="quitbrowser" is-config="true" duration-ms="138" started-at="2022-04-29T14:38:15Z" finished-at="2022-04-29T14:38:15Z">
          <reporter-output>
          </reporter-output>
        </test-method> <!-- quitbrowser -->
      </class> <!-- com.toolsqa.Testlocal -->
    </test> <!-- testone -->
  </suite> <!-- All Test Suite -->
</testng-results>
