<?xml version="1.0" encoding="UTF-8"?>
<testsuite xmlns:xsi="http://www.w3.org/2001/XMLSchema-instance" xsi:noNamespaceSchemaLocation="https://maven.apache.org/surefire/maven-surefire-plugin/xsd/surefire-test-report.xsd" name="TestSuite" time="32.191" tests="8" errors="0" skipped="0" failures="0">
  <properties>
[...]
</properties>
  <testcase name="verifySelectPageOpen" classname="com.toolsqa.SelectTextTest" time="0.605"/>
  <testcase name="SelectLinks" classname="com.toolsqa.SelectTextTest" time="1.827"/>
  <testcase name="VerifyDroppable" classname="com.toolsqa.SelectTextTest" time="0.768"/>
  <testcase name="simpledragdrop" classname="com.toolsqa.SelectTextTest" time="1.495"/>
  <testcase name="AcceptNotAcceptdragdrop" classname="com.toolsqa.SelectTextTest" time="2.527"/>
  <testcase name="verifySelectMenuOpen" classname="com.toolsqa.SelectFormTest" time="0.587"/>
  <testcase name="selectolddropdown" classname="com.toolsqa.SelectFormTest" time="0.326"/>
  <testcase name="multipleselectolddrop" classname="com.toolsqa.SelectFormTest" time="0.584"/>
</testsuite>