<?xml version="1.0" encoding="UTF-8"?>
<!-- Generated by org.testng.reporters.JUnitXMLReporter -->
<testsuite hostname="FVFZM5TLLYWG" name="testone" tests="3" failures="0" timestamp="30 Apr 2022 00:26:26 GMT" time="23.436" errors="0">
  <testcase name="selecttext" time="3.246" classname="com.toolsqa.Testlocal"/>
  <testcase name="draggable" time="13.51" classname="com.toolsqa.Testlocal"/>
  <testcase name="selectMenu" time="3.247" classname="com.toolsqa.Testlocal"/>
</testsuite> <!-- testone -->
