<?xml version="1.0" encoding="UTF-8"?>
<!-- Generated by org.testng.reporters.JUnitXMLReporter -->
<testsuite hostname="FVFZM5TLLYWG" name="testInteraction" tests="8" failures="0" timestamp="1 May 2022 01:07:10 GMT" time="31.81" errors="0">
  <testcase name="verifySelectPageOpen" time="0.605" classname="com.toolsqa.SelectTextTest"/>
  <testcase name="SelectLinks" time="1.828" classname="com.toolsqa.SelectTextTest"/>
  <testcase name="VerifyDroppable" time="0.768" classname="com.toolsqa.SelectTextTest"/>
  <testcase name="simpledragdrop" time="1.499" classname="com.toolsqa.SelectTextTest"/>
  <testcase name="AcceptNotAcceptdragdrop" time="2.527" classname="com.toolsqa.SelectTextTest"/>
  <testcase name="verifySelectMenuOpen" time="0.589" classname="com.toolsqa.SelectFormTest"/>
  <testcase name="selectolddropdown" time="0.321" classname="com.toolsqa.SelectFormTest"/>
  <testcase name="multipleselectolddrop" time="0.588" classname="com.toolsqa.SelectFormTest"/>
</testsuite> <!-- testInteraction -->
