<?xml version="1.0" encoding="UTF-8"?>
<!-- Generated by org.testng.reporters.JUnitXMLReporter -->
<testsuite hostname="FVFZM5TLLYWG" name="testInteraction" tests="11" failures="0" timestamp="1 May 2022 22:58:21 GMT" time="38.962" errors="0">
  <testcase name="verifySelectPageOpen" time="0.999" classname="com.toolsqa.SelectTextTest"/>
  <testcase name="SelectLinks" time="1.594" classname="com.toolsqa.SelectTextTest"/>
  <testcase name="VerifyDroppable" time="0.502" classname="com.toolsqa.SelectTextTest"/>
  <testcase name="simpledragdrop" time="1.475" classname="com.toolsqa.SelectTextTest"/>
  <testcase name="AcceptNotAcceptdragdrop" time="2.663" classname="com.toolsqa.SelectTextTest"/>
  <testcase name="verifySelectMenuOpen" time="0.935" classname="com.toolsqa.SelectFormTest"/>
  <testcase name="selectolddropdown" time="0.311" classname="com.toolsqa.SelectFormTest"/>
  <testcase name="selectolddropdown" time="0.294" classname="com.toolsqa.SelectFormTest"/>
  <testcase name="selectolddropdown" time="0.285" classname="com.toolsqa.SelectFormTest"/>
  <testcase name="multipleselectolddrop" time="0.511" classname="com.toolsqa.SelectFormTest"/>
  <testcase name="multipleselectolddrop" time="0.286" classname="com.toolsqa.SelectFormTest"/>
</testsuite> <!-- testInteraction -->
